Determining if the pthread_create exist failed with the following output:
Change Dir: /root/sundials/build_sundials-3.1.1/CMakeFiles/CMakeTmp

Run Build Command:"/usr/bin/make" "cmTC_bcad5/fast"
/usr/bin/make -f CMakeFiles/cmTC_bcad5.dir/build.make CMakeFiles/cmTC_bcad5.dir/build
make[1]: Entering directory '/root/sundials/build_sundials-3.1.1/CMakeFiles/CMakeTmp'
Building C object CMakeFiles/cmTC_bcad5.dir/CheckSymbolExists.c.o
/usr/bin/cc    -o CMakeFiles/cmTC_bcad5.dir/CheckSymbolExists.c.o   -c /root/sundials/build_sundials-3.1.1/CMakeFiles/CMakeTmp/CheckSymbolExists.c
Linking C executable cmTC_bcad5
/usr/bin/cmake -E cmake_link_script CMakeFiles/cmTC_bcad5.dir/link.txt --verbose=1
/usr/bin/cc      -rdynamic CMakeFiles/cmTC_bcad5.dir/CheckSymbolExists.c.o  -o cmTC_bcad5 
CMakeFiles/cmTC_bcad5.dir/CheckSymbolExists.c.o: In function `main':
CheckSymbolExists.c:(.text+0x1b): undefined reference to `pthread_create'
collect2: error: ld returned 1 exit status
CMakeFiles/cmTC_bcad5.dir/build.make:97: recipe for target 'cmTC_bcad5' failed
make[1]: *** [cmTC_bcad5] Error 1
make[1]: Leaving directory '/root/sundials/build_sundials-3.1.1/CMakeFiles/CMakeTmp'
Makefile:126: recipe for target 'cmTC_bcad5/fast' failed
make: *** [cmTC_bcad5/fast] Error 2

File /root/sundials/build_sundials-3.1.1/CMakeFiles/CMakeTmp/CheckSymbolExists.c:
/* */
#include <pthread.h>

int main(int argc, char** argv)
{
  (void)argv;
#ifndef pthread_create
  return ((int*)(&pthread_create))[argc];
#else
  (void)argc;
  return 0;
#endif
}

Determining if the function pthread_create exists in the pthreads failed with the following output:
Change Dir: /root/sundials/build_sundials-3.1.1/CMakeFiles/CMakeTmp

Run Build Command:"/usr/bin/make" "cmTC_b2fed/fast"
/usr/bin/make -f CMakeFiles/cmTC_b2fed.dir/build.make CMakeFiles/cmTC_b2fed.dir/build
make[1]: Entering directory '/root/sundials/build_sundials-3.1.1/CMakeFiles/CMakeTmp'
Building C object CMakeFiles/cmTC_b2fed.dir/CheckFunctionExists.c.o
/usr/bin/cc   -DCHECK_FUNCTION_EXISTS=pthread_create   -o CMakeFiles/cmTC_b2fed.dir/CheckFunctionExists.c.o   -c /usr/share/cmake-3.10/Modules/CheckFunctionExists.c
Linking C executable cmTC_b2fed
/usr/bin/cmake -E cmake_link_script CMakeFiles/cmTC_b2fed.dir/link.txt --verbose=1
/usr/bin/cc  -DCHECK_FUNCTION_EXISTS=pthread_create    -rdynamic CMakeFiles/cmTC_b2fed.dir/CheckFunctionExists.c.o  -o cmTC_b2fed -lpthreads 
/usr/bin/ld: cannot find -lpthreads
collect2: error: ld returned 1 exit status
CMakeFiles/cmTC_b2fed.dir/build.make:97: recipe for target 'cmTC_b2fed' failed
make[1]: *** [cmTC_b2fed] Error 1
make[1]: Leaving directory '/root/sundials/build_sundials-3.1.1/CMakeFiles/CMakeTmp'
Makefile:126: recipe for target 'cmTC_b2fed/fast' failed
make: *** [cmTC_b2fed/fast] Error 2


